2026-05-16 16:09:49 | INFO     | __main__ | Platform: Windows-10-10.0.26200-SP0
2026-05-16 16:09:49 | INFO     | __main__ | Python: 3.11.9
2026-05-16 16:09:49 | INFO     | __main__ | Project root: C:\Users\Sanjana V\OneDrive\Desktop\plant-disease-project\plant_disease_detection
2026-05-16 16:09:49 | INFO     | __main__ | TensorFlow: 2.21.0
2026-05-16 16:09:49 | INFO     | __main__ | GPUs available: 0
2026-05-16 16:09:49 | INFO     | __main__ | Starting training: model=cnn_baseline, dataset=C:\Users\Sanjana V\OneDrive\Desktop\plant-disease-project\plant_disease_detection\dataset\plantvillage
2026-05-16 16:09:56 | ERROR    | __main__ | Training failed: TensorBoard is not installed, missing implementation for tf.summary.scalar
Traceback (most recent call last):
  File "C:\Users\Sanjana V\OneDrive\Desktop\plant-disease-project\plant_disease_detection\training\train.py", line 350, in main
    train_model(
  File "C:\Users\Sanjana V\OneDrive\Desktop\plant-disease-project\plant_disease_detection\training\train.py", line 215, in train_model
    history = model.fit(
              ^^^^^^^^^^
  File "C:\Users\Sanjana V\AppData\Local\Python\pythoncore-3.11-64\Lib\site-packages\keras\src\utils\traceback_utils.py", line 122, in error_handler
    raise e.with_traceback(filtered_tb) from None
  File "C:\Users\Sanjana V\AppData\Local\Python\pythoncore-3.11-64\Lib\site-packages\tensorflow\python\summary\tb_summary.py", line 298, in scalar
    raise TBNotInstalledError("tf.summary.scalar") from exc
tensorflow.python.summary.tb_summary.TBNotInstalledError: TensorBoard is not installed, missing implementation for tf.summary.scalar
2026-05-16 16:18:20 | INFO     | __main__ | Platform: Windows-10-10.0.26200-SP0
2026-05-16 16:18:20 | INFO     | __main__ | Python: 3.11.9
2026-05-16 16:18:20 | INFO     | __main__ | Project root: C:\Users\Sanjana V\OneDrive\Desktop\plant-disease-project\plant_disease_detection
2026-05-16 16:18:20 | INFO     | __main__ | TensorFlow: 2.21.0
2026-05-16 16:18:20 | INFO     | __main__ | GPUs available: 0
2026-05-16 16:18:20 | INFO     | __main__ | Starting training: model=cnn_baseline, dataset=C:\Users\Sanjana V\OneDrive\Desktop\plant-disease-project\plant_disease_detection\dataset\plantvillage
2026-05-16 16:18:28 | INFO     | __main__ | Training history saved to C:\Users\Sanjana V\OneDrive\Desktop\plant-disease-project\plant_disease_detection\results\cnn_baseline_history.json
2026-05-16 16:18:28 | INFO     | __main__ | Final model saved to C:\Users\Sanjana V\OneDrive\Desktop\plant-disease-project\plant_disease_detection\saved_models\cnn_baseline_final.keras
2026-05-16 16:34:08 | INFO     | __main__ | Loaded model from saved_models/cnn_baseline_final.keras
2026-05-16 16:34:11 | INFO     | __main__ | Per-class metrics saved to C:\Users\Sanjana V\OneDrive\Desktop\plant-disease-project\plant_disease_detection\results\cnn_baseline_metrics.csv
2026-05-16 16:34:11 | INFO     | __main__ | Evaluation complete for 'cnn_baseline'
2026-05-18 16:14:32 | INFO     | __main__ | Platform: Windows-10-10.0.26200-SP0
2026-05-18 16:14:32 | INFO     | __main__ | Python: 3.11.9
2026-05-18 16:14:32 | INFO     | __main__ | Project root: C:\Users\Sanjana V\OneDrive\Desktop\plant-disease-project\plant_disease_detection
2026-05-18 16:14:32 | INFO     | __main__ | TensorFlow: 2.21.0
2026-05-18 16:14:32 | INFO     | __main__ | GPUs available: 0
2026-05-18 16:14:32 | INFO     | __main__ | Starting training: model=cnn_baseline, dataset=C:\Users\Sanjana V\OneDrive\Desktop\plant-disease-project\plant_disease_detection\dataset\plantvillage
2026-05-18 19:37:03 | ERROR    | __main__ | Training failed: Graph execution error:

Detected at node StatefulPartitionedCall/gradient_tape/cnn_baseline_1/block4_conv_1/convolution/Conv2DBackpropFilter defined at (most recent call last):
<stack traces unavailable>
Operation received an exception:Status: 1, message: could not create a memory object, in file tensorflow/core/kernels/mkl/mkl_conv_grad_filter_ops.cc:685
	 [[{{node StatefulPartitionedCall/gradient_tape/cnn_baseline_1/block4_conv_1/convolution/Conv2DBackpropFilter}}]] [Op:__inference_multi_step_on_iterator_5083]
Traceback (most recent call last):
  File "C:\Users\Sanjana V\OneDrive\Desktop\plant-disease-project\plant_disease_detection\training\train.py", line 350, in main
    train_model(
  File "C:\Users\Sanjana V\OneDrive\Desktop\plant-disease-project\plant_disease_detection\training\train.py", line 215, in train_model
    history = model.fit(
              ^^^^^^^^^^
  File "C:\Users\Sanjana V\AppData\Local\Python\pythoncore-3.11-64\Lib\site-packages\keras\src\utils\traceback_utils.py", line 122, in error_handler
    raise e.with_traceback(filtered_tb) from None
  File "C:\Users\Sanjana V\AppData\Local\Python\pythoncore-3.11-64\Lib\site-packages\tensorflow\python\eager\execute.py", line 59, in quick_execute
    except TypeError as e:
tensorflow.python.framework.errors_impl.AbortedError: Graph execution error:

Detected at node StatefulPartitionedCall/gradient_tape/cnn_baseline_1/block4_conv_1/convolution/Conv2DBackpropFilter defined at (most recent call last):
<stack traces unavailable>
Operation received an exception:Status: 1, message: could not create a memory object, in file tensorflow/core/kernels/mkl/mkl_conv_grad_filter_ops.cc:685
	 [[{{node StatefulPartitionedCall/gradient_tape/cnn_baseline_1/block4_conv_1/convolution/Conv2DBackpropFilter}}]] [Op:__inference_multi_step_on_iterator_5083]
2026-05-18 19:46:07 | INFO     | __main__ | Platform: Windows-10-10.0.26200-SP0
2026-05-18 19:46:07 | INFO     | __main__ | Python: 3.11.9
2026-05-18 19:46:07 | INFO     | __main__ | Project root: C:\Users\Sanjana V\OneDrive\Desktop\plant-disease-project\plant_disease_detection
2026-05-18 19:46:07 | INFO     | __main__ | TensorFlow: 2.21.0
2026-05-18 19:46:07 | INFO     | __main__ | GPUs available: 0
2026-05-18 19:46:07 | INFO     | __main__ | Starting training: model=cnn_baseline, dataset=C:\Users\Sanjana V\OneDrive\Desktop\plant-disease-project\plant_disease_detection\dataset\plantvillage
2026-05-18 22:11:46 | INFO     | __main__ | Training history saved to C:\Users\Sanjana V\OneDrive\Desktop\plant-disease-project\plant_disease_detection\results\cnn_baseline_history.json
2026-05-18 22:11:46 | INFO     | __main__ | Final model saved to C:\Users\Sanjana V\OneDrive\Desktop\plant-disease-project\plant_disease_detection\saved_models\cnn_baseline_final.keras
